DEPRECATION WARNING: `secrets.secret_token` is deprecated in favor of `secret_key_base` and will be removed in Rails 6.0. (called from <top (required)> at /app/config/environment.rb:5)
DEPRECATION WARNING: `secrets.secret_token` is deprecated in favor of `secret_key_base` and will be removed in Rails 6.0. (called from <top (required)> at /app/config/environment.rb:5)
DEPRECATION WARNING: `secrets.secret_token` is deprecated in favor of `secret_key_base` and will be removed in Rails 6.0. (called from <top (required)> at /app/config/environment.rb:5)
DEPRECATION WARNING: `secrets.secret_token` is deprecated in favor of `secret_key_base` and will be removed in Rails 6.0. (called from <top (required)> at /app/config/environment.rb:5)
DEPRECATION WARNING: `secrets.secret_token` is deprecated in favor of `secret_key_base` and will be removed in Rails 6.0. (called from <top (required)> at /app/config/environment.rb:5)
Started GET "/" for 172.18.0.1 at 2018-08-22 14:27:12 +0000
Processing by HomeController#index as HTML
Completed 500 Internal Server Error in 7ms


  
ActiveRecord::NoDatabaseError (Unknown database 'myblog-dev'):
  
app/controllers/home_controller.rb:18:in `index'
DEPRECATION WARNING: `secrets.secret_token` is deprecated in favor of `secret_key_base` and will be removed in Rails 6.0. (called from <top (required)> at /app/config/environment.rb:5)
DEPRECATION WARNING: `secrets.secret_token` is deprecated in favor of `secret_key_base` and will be removed in Rails 6.0. (called from <top (required)> at /app/config/environment.rb:5)
DEPRECATION WARNING: `secrets.secret_token` is deprecated in favor of `secret_key_base` and will be removed in Rails 6.0. (called from <top (required)> at /app/config/environment.rb:5)
DEPRECATION WARNING: `secrets.secret_token` is deprecated in favor of `secret_key_base` and will be removed in Rails 6.0. (called from <top (required)> at /app/config/environment.rb:5)
DEPRECATION WARNING: `secrets.secret_token` is deprecated in favor of `secret_key_base` and will be removed in Rails 6.0. (called from <top (required)> at /app/config/environment.rb:5)
DEPRECATION WARNING: `secrets.secret_token` is deprecated in favor of `secret_key_base` and will be removed in Rails 6.0. (called from <top (required)> at /app/config/environment.rb:5)
DEPRECATION WARNING: `secrets.secret_token` is deprecated in favor of `secret_key_base` and will be removed in Rails 6.0. (called from <top (required)> at /app/config/environment.rb:5)
DEPRECATION WARNING: `secrets.secret_token` is deprecated in favor of `secret_key_base` and will be removed in Rails 6.0. (called from <top (required)> at /app/config/environment.rb:5)
DEPRECATION WARNING: `secrets.secret_token` is deprecated in favor of `secret_key_base` and will be removed in Rails 6.0. (called from <top (required)> at /app/config/environment.rb:5)
DEPRECATION WARNING: `secrets.secret_token` is deprecated in favor of `secret_key_base` and will be removed in Rails 6.0. (called from <top (required)> at /app/config/environment.rb:5)
DEPRECATION WARNING: `secrets.secret_token` is deprecated in favor of `secret_key_base` and will be removed in Rails 6.0. (called from <top (required)> at /app/config/environment.rb:5)
  [1m[35m (0.9ms)[0m  [1m[35mSET  @@SESSION.sql_mode = CONCAT(CONCAT(@@sql_mode, ',STRICT_ALL_TABLES'), ',NO_AUTO_VALUE_ON_ZERO'),  @@SESSION.sql_auto_is_null = 0, @@SESSION.wait_timeout = 2147483[0m
  [1m[35m (73.5ms)[0m  [1m[35mCREATE DATABASE `myblog-dev` DEFAULT CHARACTER SET `utf8`[0m
  [1m[35m (1.6ms)[0m  [1m[35mSET  @@SESSION.sql_mode = CONCAT(CONCAT(@@sql_mode, ',STRICT_ALL_TABLES'), ',NO_AUTO_VALUE_ON_ZERO'),  @@SESSION.sql_auto_is_null = 0, @@SESSION.wait_timeout = 2147483[0m
  [1m[35m (6.5ms)[0m  [1m[35mCREATE DATABASE `myblog-test` DEFAULT CHARACTER SET `utf8`[0m
DEPRECATION WARNING: `secrets.secret_token` is deprecated in favor of `secret_key_base` and will be removed in Rails 6.0. (called from <top (required)> at /app/config/environment.rb:5)
DEPRECATION WARNING: `secrets.secret_token` is deprecated in favor of `secret_key_base` and will be removed in Rails 6.0. (called from <top (required)> at /app/config/environment.rb:5)
DEPRECATION WARNING: `secrets.secret_token` is deprecated in favor of `secret_key_base` and will be removed in Rails 6.0. (called from <top (required)> at /app/config/environment.rb:5)
DEPRECATION WARNING: `secrets.secret_token` is deprecated in favor of `secret_key_base` and will be removed in Rails 6.0. (called from <top (required)> at /app/config/environment.rb:5)
DEPRECATION WARNING: `secrets.secret_token` is deprecated in favor of `secret_key_base` and will be removed in Rails 6.0. (called from <top (required)> at /app/config/environment.rb:5)
Started GET "/" for 172.19.0.1 at 2018-08-22 15:33:30 +0000
Processing by HomeController#index as HTML
  [1m[35m (0.6ms)[0m  [1m[35mSET  @@SESSION.sql_mode = CONCAT(CONCAT(@@sql_mode, ',STRICT_ALL_TABLES'), ',NO_AUTO_VALUE_ON_ZERO'),  @@SESSION.sql_auto_is_null = 0, @@SESSION.wait_timeout = 2147483[0m
Completed 500 Internal Server Error in 14ms (ActiveRecord: 3.7ms)


  
ActiveRecord::StatementInvalid (Mysql2::Error: Table 'myblog-dev.delayed_jobs' doesn't exist: SHOW FULL FIELDS FROM `delayed_jobs`):
  
app/controllers/home_controller.rb:18:in `index'
DEPRECATION WARNING: `secrets.secret_token` is deprecated in favor of `secret_key_base` and will be removed in Rails 6.0. (called from <top (required)> at /app/config/environment.rb:5)
  [1m[35m (0.6ms)[0m  [1m[35mSET  @@SESSION.sql_mode = CONCAT(CONCAT(@@sql_mode, ',STRICT_ALL_TABLES'), ',NO_AUTO_VALUE_ON_ZERO'),  @@SESSION.sql_auto_is_null = 0, @@SESSION.wait_timeout = 2147483[0m
  [1m[35m (4.2ms)[0m  [1m[35mCREATE DATABASE `myblog-dev` DEFAULT CHARACTER SET `utf8`[0m
  [1m[35m (0.5ms)[0m  [1m[35mSET  @@SESSION.sql_mode = CONCAT(CONCAT(@@sql_mode, ',STRICT_ALL_TABLES'), ',NO_AUTO_VALUE_ON_ZERO'),  @@SESSION.sql_auto_is_null = 0, @@SESSION.wait_timeout = 2147483[0m
  [1m[35m (1.2ms)[0m  [1m[35mCREATE DATABASE `myblog-test` DEFAULT CHARACTER SET `utf8`[0m
DEPRECATION WARNING: `secrets.secret_token` is deprecated in favor of `secret_key_base` and will be removed in Rails 6.0. (called from <top (required)> at /app/config/environment.rb:5)
  [1m[35m (0.4ms)[0m  [1m[35mSET  @@SESSION.sql_mode = CONCAT(CONCAT(@@sql_mode, ',STRICT_ALL_TABLES'), ',NO_AUTO_VALUE_ON_ZERO'),  @@SESSION.sql_auto_is_null = 0, @@SESSION.wait_timeout = 2147483[0m
  [1m[35m (0.5ms)[0m  [1m[35mCREATE DATABASE `myblog-dev` DEFAULT CHARACTER SET `utf8`[0m
  [1m[35m (0.5ms)[0m  [1m[35mSET  @@SESSION.sql_mode = CONCAT(CONCAT(@@sql_mode, ',STRICT_ALL_TABLES'), ',NO_AUTO_VALUE_ON_ZERO'),  @@SESSION.sql_auto_is_null = 0, @@SESSION.wait_timeout = 2147483[0m
  [1m[35m (0.7ms)[0m  [1m[35mCREATE DATABASE `myblog-test` DEFAULT CHARACTER SET `utf8`[0m
DEPRECATION WARNING: `secrets.secret_token` is deprecated in favor of `secret_key_base` and will be removed in Rails 6.0. (called from <top (required)> at /app/config/environment.rb:5)
  [1m[35m (0.6ms)[0m  [1m[35mSET  @@SESSION.sql_mode = CONCAT(CONCAT(@@sql_mode, ',STRICT_ALL_TABLES'), ',NO_AUTO_VALUE_ON_ZERO'),  @@SESSION.sql_auto_is_null = 0, @@SESSION.wait_timeout = 2147483[0m
  [1m[35m (1.7ms)[0m  [1m[35mCREATE DATABASE `myblog-dev` DEFAULT CHARACTER SET `utf8`[0m
  [1m[35m (0.7ms)[0m  [1m[35mSET  @@SESSION.sql_mode = CONCAT(CONCAT(@@sql_mode, ',STRICT_ALL_TABLES'), ',NO_AUTO_VALUE_ON_ZERO'),  @@SESSION.sql_auto_is_null = 0, @@SESSION.wait_timeout = 2147483[0m
  [1m[35m (0.6ms)[0m  [1m[35mCREATE DATABASE `myblog-test` DEFAULT CHARACTER SET `utf8`[0m
DEPRECATION WARNING: `secrets.secret_token` is deprecated in favor of `secret_key_base` and will be removed in Rails 6.0. (called from <top (required)> at /app/config/environment.rb:5)
DEPRECATION WARNING: `secrets.secret_token` is deprecated in favor of `secret_key_base` and will be removed in Rails 6.0. (called from <top (required)> at /app/config/environment.rb:5)
DEPRECATION WARNING: `secrets.secret_token` is deprecated in favor of `secret_key_base` and will be removed in Rails 6.0. (called from <top (required)> at /app/config/environment.rb:5)
DEPRECATION WARNING: `secrets.secret_token` is deprecated in favor of `secret_key_base` and will be removed in Rails 6.0. (called from <top (required)> at /app/config/environment.rb:5)
DEPRECATION WARNING: `secrets.secret_token` is deprecated in favor of `secret_key_base` and will be removed in Rails 6.0. (called from <top (required)> at /app/config/environment.rb:5)
DEPRECATION WARNING: `secrets.secret_token` is deprecated in favor of `secret_key_base` and will be removed in Rails 6.0. (called from <top (required)> at /app/config/environment.rb:5)
  [1m[35m (0.5ms)[0m  [1m[35mSET  @@SESSION.sql_mode = CONCAT(CONCAT(@@sql_mode, ',STRICT_ALL_TABLES'), ',NO_AUTO_VALUE_ON_ZERO'),  @@SESSION.sql_auto_is_null = 0, @@SESSION.wait_timeout = 2147483[0m
  [1m[35m (0.7ms)[0m  [1m[35mCREATE DATABASE `myblog-dev` DEFAULT CHARACTER SET `utf8`[0m
  [1m[35m (0.5ms)[0m  [1m[35mSET  @@SESSION.sql_mode = CONCAT(CONCAT(@@sql_mode, ',STRICT_ALL_TABLES'), ',NO_AUTO_VALUE_ON_ZERO'),  @@SESSION.sql_auto_is_null = 0, @@SESSION.wait_timeout = 2147483[0m
  [1m[35m (0.7ms)[0m  [1m[35mCREATE DATABASE `myblog-test` DEFAULT CHARACTER SET `utf8`[0m
DEPRECATION WARNING: `secrets.secret_token` is deprecated in favor of `secret_key_base` and will be removed in Rails 6.0. (called from <top (required)> at /app/config/environment.rb:5)
DEPRECATION WARNING: `secrets.secret_token` is deprecated in favor of `secret_key_base` and will be removed in Rails 6.0. (called from <top (required)> at /app/config/environment.rb:5)
DEPRECATION WARNING: `secrets.secret_token` is deprecated in favor of `secret_key_base` and will be removed in Rails 6.0. (called from <top (required)> at /app/config/environment.rb:5)
DEPRECATION WARNING: `secrets.secret_token` is deprecated in favor of `secret_key_base` and will be removed in Rails 6.0. (called from <top (required)> at /app/config/environment.rb:5)
DEPRECATION WARNING: `secrets.secret_token` is deprecated in favor of `secret_key_base` and will be removed in Rails 6.0. (called from <top (required)> at /app/config/environment.rb:5)
DEPRECATION WARNING: `secrets.secret_token` is deprecated in favor of `secret_key_base` and will be removed in Rails 6.0. (called from <top (required)> at /app/config/environment.rb:5)
  [1m[35m (0.6ms)[0m  [1m[35mSET  @@SESSION.sql_mode = CONCAT(CONCAT(@@sql_mode, ',STRICT_ALL_TABLES'), ',NO_AUTO_VALUE_ON_ZERO'),  @@SESSION.sql_auto_is_null = 0, @@SESSION.wait_timeout = 2147483[0m
  [1m[35m (1.0ms)[0m  [1m[35mCREATE DATABASE `myblog-dev` DEFAULT CHARACTER SET `utf8`[0m
  [1m[35m (0.5ms)[0m  [1m[35mSET  @@SESSION.sql_mode = CONCAT(CONCAT(@@sql_mode, ',STRICT_ALL_TABLES'), ',NO_AUTO_VALUE_ON_ZERO'),  @@SESSION.sql_auto_is_null = 0, @@SESSION.wait_timeout = 2147483[0m
  [1m[35m (0.7ms)[0m  [1m[35mCREATE DATABASE `myblog-test` DEFAULT CHARACTER SET `utf8`[0m
DEPRECATION WARNING: `secrets.secret_token` is deprecated in favor of `secret_key_base` and will be removed in Rails 6.0. (called from <top (required)> at /app/config/environment.rb:5)
  [1m[35m (0.5ms)[0m  [1m[35mSET  @@SESSION.sql_mode = CONCAT(CONCAT(@@sql_mode, ',STRICT_ALL_TABLES'), ',NO_AUTO_VALUE_ON_ZERO'),  @@SESSION.sql_auto_is_null = 0, @@SESSION.wait_timeout = 2147483[0m
  [1m[35m (25.7ms)[0m  [1m[35mCREATE TABLE `schema_migrations` (`version` varchar(255) NOT NULL PRIMARY KEY)[0m
  [1m[35m (17.8ms)[0m  [1m[35mCREATE TABLE `ar_internal_metadata` (`key` varchar(255) NOT NULL PRIMARY KEY, `value` varchar(255), `created_at` datetime NOT NULL, `updated_at` datetime NOT NULL)[0m
  [1m[35m (0.7ms)[0m  [1m[34mSELECT GET_LOCK('1500970701170374245', 0)[0m
  [1m[35m (4.1ms)[0m  [1m[34mSELECT `schema_migrations`.`version` FROM `schema_migrations` ORDER BY `schema_migrations`.`version` ASC[0m
Migrating to CreatePosts (20161030175305)
  [1m[35m (16.7ms)[0m  [1m[35mCREATE TABLE `posts` (`id` bigint NOT NULL AUTO_INCREMENT PRIMARY KEY, `name` varchar(255), `title` varchar(255), `content` text, `created_at` datetime NOT NULL, `updated_at` datetime NOT NULL)[0m
  [1m[35m (0.4ms)[0m  [1m[35mBEGIN[0m
  [1m[36mActiveRecord::SchemaMigration Create (0.7ms)[0m  [1m[32mINSERT INTO `schema_migrations` (`version`) VALUES ('20161030175305')[0m
  [1m[35m (3.3ms)[0m  [1m[35mCOMMIT[0m
Migrating to CreateComments (20161030181809)
  [1m[35m (23.8ms)[0m  [1m[35mCREATE TABLE `comments` (`id` bigint NOT NULL AUTO_INCREMENT PRIMARY KEY, `commenter` varchar(255), `body` text, `post_id` bigint, `created_at` datetime NOT NULL, `updated_at` datetime NOT NULL,  INDEX `index_comments_on_post_id`  (`post_id`))[0m
  [1m[35m (0.6ms)[0m  [1m[35mBEGIN[0m
  [1m[36mActiveRecord::SchemaMigration Create (1.7ms)[0m  [1m[32mINSERT INTO `schema_migrations` (`version`) VALUES ('20161030181809')[0m
  [1m[35m (3.4ms)[0m  [1m[35mCOMMIT[0m
Migrating to CreateDelayedJobs (20161123151236)
  [1m[35m (3.2ms)[0m  [1m[35mDROP TABLE IF EXISTS `delayed_jobs`[0m
  [1m[35m (18.9ms)[0m  [1m[35mCREATE TABLE `delayed_jobs` (`id` bigint NOT NULL AUTO_INCREMENT PRIMARY KEY, `priority` int DEFAULT 0 NOT NULL, `attempts` int DEFAULT 0 NOT NULL, `handler` text NOT NULL, `last_error` text, `run_at` datetime, `locked_at` datetime, `failed_at` datetime, `locked_by` varchar(255), `queue` varchar(255), `created_at` datetime, `updated_at` datetime)[0m
  [1m[35m (22.5ms)[0m  [1m[35mCREATE  INDEX `delayed_jobs_priority`  ON `delayed_jobs` (`priority`, `run_at`) [0m
  [1m[35m (0.9ms)[0m  [1m[35mBEGIN[0m
  [1m[36mActiveRecord::SchemaMigration Create (0.7ms)[0m  [1m[32mINSERT INTO `schema_migrations` (`version`) VALUES ('20161123151236')[0m
  [1m[35m (6.6ms)[0m  [1m[35mCOMMIT[0m
Migrating to AddSessionsTable (20170316112735)
  [1m[35m (22.8ms)[0m  [1m[35mCREATE TABLE `sessions` (`id` bigint NOT NULL AUTO_INCREMENT PRIMARY KEY, `session_id` varchar(255) NOT NULL, `data` text, `created_at` datetime NOT NULL, `updated_at` datetime NOT NULL)[0m
  [1m[35m (17.1ms)[0m  [1m[35mCREATE  INDEX `index_sessions_on_session_id`  ON `sessions` (`session_id`) [0m
  [1m[35m (20.4ms)[0m  [1m[35mCREATE  INDEX `index_sessions_on_updated_at`  ON `sessions` (`updated_at`) [0m
  [1m[35m (0.8ms)[0m  [1m[35mBEGIN[0m
  [1m[36mActiveRecord::SchemaMigration Create (1.1ms)[0m  [1m[32mINSERT INTO `schema_migrations` (`version`) VALUES ('20170316112735')[0m
  [1m[35m (3.4ms)[0m  [1m[35mCOMMIT[0m
  [1m[36mActiveRecord::InternalMetadata Load (0.8ms)[0m  [1m[34mSELECT  `ar_internal_metadata`.* FROM `ar_internal_metadata` WHERE `ar_internal_metadata`.`key` = 'environment' LIMIT 1[0m
  [1m[35m (0.4ms)[0m  [1m[35mBEGIN[0m
  [1m[36mActiveRecord::InternalMetadata Create (0.5ms)[0m  [1m[32mINSERT INTO `ar_internal_metadata` (`key`, `value`, `created_at`, `updated_at`) VALUES ('environment', 'development', '2018-08-22 15:55:47', '2018-08-22 15:55:47')[0m
  [1m[35m (4.1ms)[0m  [1m[35mCOMMIT[0m
  [1m[35m (0.6ms)[0m  [1m[34mSELECT RELEASE_LOCK('1500970701170374245')[0m
  [1m[35m (0.4ms)[0m  [1m[34mSELECT `schema_migrations`.`version` FROM `schema_migrations` ORDER BY `schema_migrations`.`version` ASC[0m
Started GET "/" for 172.19.0.1 at 2018-08-22 15:56:05 +0000
Processing by HomeController#index as HTML
  [1m[35m (0.5ms)[0m  [1m[35mSET  @@SESSION.sql_mode = CONCAT(CONCAT(@@sql_mode, ',STRICT_ALL_TABLES'), ',NO_AUTO_VALUE_ON_ZERO'),  @@SESSION.sql_auto_is_null = 0, @@SESSION.wait_timeout = 2147483[0m
  [1m[35m (0.6ms)[0m  [1m[35mBEGIN[0m
  [1m[36mDelayed::Backend::ActiveRecord::Job Create (0.8ms)[0m  [1m[32mINSERT INTO `delayed_jobs` (`handler`, `run_at`, `created_at`, `updated_at`) VALUES ('--- !ruby/object:Delayed::PerformableMethod\nobject: !ruby/object:Item\n  store:\n  - a simple string\n  - an \'escaped \' string\n  - another \'escaped\' string\n  - 42\n  string: a string with many \\\\\'escapes\\\\\'\nmethod_name: :show_store\nargs: []\n', '2018-08-22 15:56:05', '2018-08-22 15:56:05', '2018-08-22 15:56:05')[0m
  [1m[35m (32.1ms)[0m  [1m[35mCOMMIT[0m
  Rendering home/index.html.erb within layouts/application
  Rendered home/index.html.erb within layouts/application (4.7ms)
Completed 200 OK in 1306ms (Views: 1209.2ms | ActiveRecord: 47.1ms)


Started GET "/assets/home.self-e3b0c44298fc1c149afbf4c8996fb92427ae41e4649b934ca495991b7852b855.css?body=1" for 172.19.0.1 at 2018-08-22 15:56:07 +0000
Started GET "/assets/comments.self-e3b0c44298fc1c149afbf4c8996fb92427ae41e4649b934ca495991b7852b855.css?body=1" for 172.19.0.1 at 2018-08-22 15:56:07 +0000
Started GET "/assets/jquery_ujs.self-784a997f6726036b1993eb2217c9cb558e1cbb801c6da88105588c56f13b466a.js?body=1" for 172.19.0.1 at 2018-08-22 15:56:07 +0000
Started GET "/assets/scaffolds.self-53f347668ae149620bd67f6db5ded20b5993928706bb93d2883d28d74d4d1e47.css?body=1" for 172.19.0.1 at 2018-08-22 15:56:07 +0000
Started GET "/assets/comments.self-877aef30ae1b040ab8a3aba4e3e309a11d7f2612f44dde450b5c157aa5f95c05.js?body=1" for 172.19.0.1 at 2018-08-22 15:56:07 +0000
Started GET "/assets/posts.self-e3b0c44298fc1c149afbf4c8996fb92427ae41e4649b934ca495991b7852b855.css?body=1" for 172.19.0.1 at 2018-08-22 15:56:07 +0000
Started GET "/assets/application.self-f9e7c1541e1b8783561468c59162bd896007380f5a3799ef2169d3a3fdf40bed.css?body=1" for 172.19.0.1 at 2018-08-22 15:56:07 +0000
Started GET "/assets/home.self-877aef30ae1b040ab8a3aba4e3e309a11d7f2612f44dde450b5c157aa5f95c05.js?body=1" for 172.19.0.1 at 2018-08-22 15:56:07 +0000
Started GET "/assets/posts.self-877aef30ae1b040ab8a3aba4e3e309a11d7f2612f44dde450b5c157aa5f95c05.js?body=1" for 172.19.0.1 at 2018-08-22 15:56:07 +0000
Started GET "/assets/jquery.self-bd7ddd393353a8d2480a622e80342adf488fb6006d667e8b42e4c0073393abee.js?body=1" for 172.19.0.1 at 2018-08-22 15:56:07 +0000
Started GET "/assets/application.self-763edc40ac487adacabb9d8ff726cd3e8d38c640ad7af95ff25fde0f4dbdfe7c.js?body=1" for 172.19.0.1 at 2018-08-22 15:56:07 +0000
Started GET "/posts" for 172.19.0.1 at 2018-08-22 15:56:10 +0000
Processing by PostsController#index as HTML
  Rendering posts/index.html.erb within layouts/application
  [1m[35m (0.6ms)[0m  [1m[35mSET  @@SESSION.sql_mode = CONCAT(CONCAT(@@sql_mode, ',STRICT_ALL_TABLES'), ',NO_AUTO_VALUE_ON_ZERO'),  @@SESSION.sql_auto_is_null = 0, @@SESSION.wait_timeout = 2147483[0m
  [1m[36mPost Load (0.6ms)[0m  [1m[34mSELECT `posts`.* FROM `posts`[0m
  Rendered posts/index.html.erb within layouts/application (31.1ms)
Completed 200 OK in 419ms (Views: 373.1ms | ActiveRecord: 3.5ms)


Started GET "/posts/new" for 172.19.0.1 at 2018-08-22 15:56:12 +0000
Processing by PostsController#new as HTML
Filter chain halted as #<Proc:0x000055604c7541b0@/usr/local/bundle/gems/actionpack-5.2.1/lib/action_controller/metal/http_authentication.rb:72> rendered or redirected
Completed 401 Unauthorized in 0ms


Started GET "/posts/new" for 172.19.0.1 at 2018-08-22 15:56:26 +0000
Processing by PostsController#new as HTML
  [1m[35m (0.6ms)[0m  [1m[35mSET  @@SESSION.sql_mode = CONCAT(CONCAT(@@sql_mode, ',STRICT_ALL_TABLES'), ',NO_AUTO_VALUE_ON_ZERO'),  @@SESSION.sql_auto_is_null = 0, @@SESSION.wait_timeout = 2147483[0m
  Rendering posts/new.html.erb within layouts/application
  Rendered posts/_form.html.erb (29.0ms)
  Rendered posts/new.html.erb within layouts/application (47.0ms)
Completed 200 OK in 475ms (Views: 414.1ms | ActiveRecord: 15.1ms)


Started POST "/posts" for 172.19.0.1 at 2018-08-22 15:56:53 +0000
Processing by PostsController#create as HTML
  Parameters: {"utf8"=>"✓", "authenticity_token"=>"nquFjJo+24nQ0R54VMpkXPIL36tJi/LWzGll9NAQJcHLmaQ3xdkh12vV8Id9iObb6I9US/26i8vTwXmSX6IQYg==", "post"=>{"name"=>"Jay", "title"=>"Hello World", "content"=>"This is a test"}, "commit"=>"Create Post"}
Filter chain halted as #<Proc:0x000055604c7541b0@/usr/local/bundle/gems/actionpack-5.2.1/lib/action_controller/metal/http_authentication.rb:72> rendered or redirected
Completed 401 Unauthorized in 6ms


Started POST "/posts" for 172.19.0.1 at 2018-08-22 15:56:53 +0000
Processing by PostsController#create as HTML
  Parameters: {"utf8"=>"✓", "authenticity_token"=>"nquFjJo+24nQ0R54VMpkXPIL36tJi/LWzGll9NAQJcHLmaQ3xdkh12vV8Id9iObb6I9US/26i8vTwXmSX6IQYg==", "post"=>{"name"=>"Jay", "title"=>"Hello World", "content"=>"This is a test"}, "commit"=>"Create Post"}
  [1m[35m (0.8ms)[0m  [1m[35mSET  @@SESSION.sql_mode = CONCAT(CONCAT(@@sql_mode, ',STRICT_ALL_TABLES'), ',NO_AUTO_VALUE_ON_ZERO'),  @@SESSION.sql_auto_is_null = 0, @@SESSION.wait_timeout = 2147483[0m
  [1m[35m (0.5ms)[0m  [1m[35mBEGIN[0m
  [1m[36mPost Create (0.6ms)[0m  [1m[32mINSERT INTO `posts` (`name`, `title`, `content`, `created_at`, `updated_at`) VALUES ('Jay', 'Hello World', 'This is a test', '2018-08-22 15:56:53', '2018-08-22 15:56:53')[0m
  [1m[35m (15.9ms)[0m  [1m[35mCOMMIT[0m
Redirected to http://localhost:3000/posts/1
Completed 302 Found in 88ms (ActiveRecord: 34.6ms)


Started GET "/posts/1" for 172.19.0.1 at 2018-08-22 15:56:53 +0000
Processing by PostsController#show as HTML
  Parameters: {"id"=>"1"}
  [1m[36mPost Load (0.6ms)[0m  [1m[34mSELECT  `posts`.* FROM `posts` WHERE `posts`.`id` = 1 LIMIT 1[0m
  Rendering posts/show.html.erb within layouts/application
  [1m[36mPost Load (0.6ms)[0m  [1m[34mSELECT `posts`.* FROM `posts` WHERE `posts`.`name` = 'this_is_a_parameter'[0m
  [1m[36mComment Load (0.6ms)[0m  [1m[34mSELECT `comments`.* FROM `comments` WHERE `comments`.`post_id` = 1[0m
  Rendered collection of templates [0 times] (0.0ms)
  Rendered comments/_form.html.erb (49.2ms)
  Rendered posts/show.html.erb within layouts/application (98.4ms)
Completed 200 OK in 239ms (Views: 189.7ms | ActiveRecord: 13.9ms)


DEPRECATION WARNING: `secrets.secret_token` is deprecated in favor of `secret_key_base` and will be removed in Rails 6.0. (called from <top (required)> at /app/config/environment.rb:5)
DEPRECATION WARNING: `secrets.secret_token` is deprecated in favor of `secret_key_base` and will be removed in Rails 6.0. (called from <top (required)> at /app/config/environment.rb:5)
DEPRECATION WARNING: `secrets.secret_token` is deprecated in favor of `secret_key_base` and will be removed in Rails 6.0. (called from <top (required)> at /app/config/environment.rb:5)
DEPRECATION WARNING: `secrets.secret_token` is deprecated in favor of `secret_key_base` and will be removed in Rails 6.0. (called from <top (required)> at /app/config/environment.rb:5)
DEPRECATION WARNING: `secrets.secret_token` is deprecated in favor of `secret_key_base` and will be removed in Rails 6.0. (called from <top (required)> at /app/config/environment.rb:5)
DEPRECATION WARNING: `secrets.secret_token` is deprecated in favor of `secret_key_base` and will be removed in Rails 6.0. (called from <top (required)> at /app/config/environment.rb:5)
  [1m[35m (2.0ms)[0m  [1m[35mSET  @@SESSION.sql_mode = CONCAT(CONCAT(@@sql_mode, ',STRICT_ALL_TABLES'), ',NO_AUTO_VALUE_ON_ZERO'),  @@SESSION.sql_auto_is_null = 0, @@SESSION.wait_timeout = 2147483[0m
  [1m[35m (4.6ms)[0m  [1m[35mCREATE DATABASE `myblog-dev` DEFAULT CHARACTER SET `utf8`[0m
  [1m[35m (0.6ms)[0m  [1m[35mSET  @@SESSION.sql_mode = CONCAT(CONCAT(@@sql_mode, ',STRICT_ALL_TABLES'), ',NO_AUTO_VALUE_ON_ZERO'),  @@SESSION.sql_auto_is_null = 0, @@SESSION.wait_timeout = 2147483[0m
  [1m[35m (0.7ms)[0m  [1m[35mCREATE DATABASE `myblog-test` DEFAULT CHARACTER SET `utf8`[0m
DEPRECATION WARNING: `secrets.secret_token` is deprecated in favor of `secret_key_base` and will be removed in Rails 6.0. (called from <top (required)> at /app/config/environment.rb:5)
  [1m[35m (0.8ms)[0m  [1m[35mSET  @@SESSION.sql_mode = CONCAT(CONCAT(@@sql_mode, ',STRICT_ALL_TABLES'), ',NO_AUTO_VALUE_ON_ZERO'),  @@SESSION.sql_auto_is_null = 0, @@SESSION.wait_timeout = 2147483[0m
  [1m[35m (0.4ms)[0m  [1m[34mSELECT GET_LOCK('1500970701170374245', 0)[0m
  [1m[35m (5.5ms)[0m  [1m[34mSELECT `schema_migrations`.`version` FROM `schema_migrations` ORDER BY `schema_migrations`.`version` ASC[0m
  [1m[36mActiveRecord::InternalMetadata Load (1.2ms)[0m  [1m[34mSELECT  `ar_internal_metadata`.* FROM `ar_internal_metadata` WHERE `ar_internal_metadata`.`key` = 'environment' LIMIT 1[0m
  [1m[35m (0.3ms)[0m  [1m[35mBEGIN[0m
  [1m[35m (0.3ms)[0m  [1m[35mCOMMIT[0m
  [1m[35m (1.9ms)[0m  [1m[34mSELECT RELEASE_LOCK('1500970701170374245')[0m
  [1m[35m (0.5ms)[0m  [1m[34mSELECT `schema_migrations`.`version` FROM `schema_migrations` ORDER BY `schema_migrations`.`version` ASC[0m
DEPRECATION WARNING: `secrets.secret_token` is deprecated in favor of `secret_key_base` and will be removed in Rails 6.0. (called from <top (required)> at /app/config/environment.rb:5)
DEPRECATION WARNING: `secrets.secret_token` is deprecated in favor of `secret_key_base` and will be removed in Rails 6.0. (called from <top (required)> at /app/config/environment.rb:5)
DEPRECATION WARNING: `secrets.secret_token` is deprecated in favor of `secret_key_base` and will be removed in Rails 6.0. (called from <top (required)> at /app/config/environment.rb:5)
DEPRECATION WARNING: `secrets.secret_token` is deprecated in favor of `secret_key_base` and will be removed in Rails 6.0. (called from <top (required)> at /app/config/environment.rb:5)
DEPRECATION WARNING: `secrets.secret_token` is deprecated in favor of `secret_key_base` and will be removed in Rails 6.0. (called from <top (required)> at /app/config/environment.rb:5)
DEPRECATION WARNING: `secrets.secret_token` is deprecated in favor of `secret_key_base` and will be removed in Rails 6.0. (called from <top (required)> at /app/config/environment.rb:5)
DEPRECATION WARNING: `secrets.secret_token` is deprecated in favor of `secret_key_base` and will be removed in Rails 6.0. (called from <top (required)> at /app/config/environment.rb:5)
DEPRECATION WARNING: `secrets.secret_token` is deprecated in favor of `secret_key_base` and will be removed in Rails 6.0. (called from <top (required)> at /app/config/environment.rb:5)
DEPRECATION WARNING: `secrets.secret_token` is deprecated in favor of `secret_key_base` and will be removed in Rails 6.0. (called from <top (required)> at /app/config/environment.rb:5)
DEPRECATION WARNING: `secrets.secret_token` is deprecated in favor of `secret_key_base` and will be removed in Rails 6.0. (called from <top (required)> at /app/config/environment.rb:5)
DEPRECATION WARNING: `secrets.secret_token` is deprecated in favor of `secret_key_base` and will be removed in Rails 6.0. (called from <top (required)> at /app/config/environment.rb:5)
DEPRECATION WARNING: `secrets.secret_token` is deprecated in favor of `secret_key_base` and will be removed in Rails 6.0. (called from <top (required)> at /app/config/environment.rb:5)
DEPRECATION WARNING: `secrets.secret_token` is deprecated in favor of `secret_key_base` and will be removed in Rails 6.0. (called from <top (required)> at /app/config/environment.rb:5)
DEPRECATION WARNING: `secrets.secret_token` is deprecated in favor of `secret_key_base` and will be removed in Rails 6.0. (called from <top (required)> at /app/config/environment.rb:5)
DEPRECATION WARNING: `secrets.secret_token` is deprecated in favor of `secret_key_base` and will be removed in Rails 6.0. (called from <top (required)> at /app/config/environment.rb:5)
Started GET "/" for 172.19.0.1 at 2018-08-23 17:49:12 +0000
Processing by HomeController#index as HTML
  [1m[35m (1.1ms)[0m  [1m[35mSET  @@SESSION.sql_mode = CONCAT(CONCAT(@@sql_mode, ',STRICT_ALL_TABLES'), ',NO_AUTO_VALUE_ON_ZERO'),  @@SESSION.sql_auto_is_null = 0, @@SESSION.wait_timeout = 2147483[0m
  [1m[35m (0.5ms)[0m  [1m[35mBEGIN[0m
  [1m[36mDelayed::Backend::ActiveRecord::Job Create (6.5ms)[0m  [1m[32mINSERT INTO `delayed_jobs` (`handler`, `run_at`, `created_at`, `updated_at`) VALUES ('--- !ruby/object:Delayed::PerformableMethod\nobject: !ruby/object:Item\n  store:\n  - a simple string\n  - an \'escaped \' string\n  - another \'escaped\' string\n  - 42\n  string: a string with many \\\\\'escapes\\\\\'\nmethod_name: :show_store\nargs: []\n', '2018-08-23 17:49:12', '2018-08-23 17:49:12', '2018-08-23 17:49:12')[0m
  [1m[35m (79.5ms)[0m  [1m[35mCOMMIT[0m
  Rendering home/index.html.erb within layouts/application
  Rendered home/index.html.erb within layouts/application (20.5ms)
Completed 200 OK in 980ms (Views: 738.8ms | ActiveRecord: 113.4ms)


Started GET "/assets/comments.self-877aef30ae1b040ab8a3aba4e3e309a11d7f2612f44dde450b5c157aa5f95c05.js?body=1" for 172.19.0.1 at 2018-08-23 17:49:13 +0000
Started GET "/assets/scaffolds.self-53f347668ae149620bd67f6db5ded20b5993928706bb93d2883d28d74d4d1e47.css?body=1" for 172.19.0.1 at 2018-08-23 17:49:13 +0000
Started GET "/assets/application.self-763edc40ac487adacabb9d8ff726cd3e8d38c640ad7af95ff25fde0f4dbdfe7c.js?body=1" for 172.19.0.1 at 2018-08-23 17:49:13 +0000
Started GET "/assets/posts.self-877aef30ae1b040ab8a3aba4e3e309a11d7f2612f44dde450b5c157aa5f95c05.js?body=1" for 172.19.0.1 at 2018-08-23 17:49:13 +0000
Started GET "/assets/home.self-877aef30ae1b040ab8a3aba4e3e309a11d7f2612f44dde450b5c157aa5f95c05.js?body=1" for 172.19.0.1 at 2018-08-23 17:49:13 +0000
Started GET "/assets/home.self-e3b0c44298fc1c149afbf4c8996fb92427ae41e4649b934ca495991b7852b855.css?body=1" for 172.19.0.1 at 2018-08-23 17:49:13 +0000
Started GET "/assets/application.self-f9e7c1541e1b8783561468c59162bd896007380f5a3799ef2169d3a3fdf40bed.css?body=1" for 172.19.0.1 at 2018-08-23 17:49:14 +0000
Started GET "/posts" for 172.19.0.1 at 2018-08-23 17:49:17 +0000
Processing by PostsController#index as HTML
  Rendering posts/index.html.erb within layouts/application
  [1m[36mPost Load (5.4ms)[0m  [1m[34mSELECT `posts`.* FROM `posts`[0m
  Rendered posts/index.html.erb within layouts/application (50.7ms)
Completed 200 OK in 270ms (Views: 200.7ms | ActiveRecord: 20.0ms)


Started GET "/posts/new" for 172.19.0.1 at 2018-08-23 17:49:19 +0000
Processing by PostsController#new as HTML
Filter chain halted as #<Proc:0x000055d4079fa9a8@/usr/local/bundle/gems/actionpack-5.2.1/lib/action_controller/metal/http_authentication.rb:72> rendered or redirected
Completed 401 Unauthorized in 1ms


Started GET "/posts/new" for 172.19.0.1 at 2018-08-23 17:49:21 +0000
Processing by PostsController#new as HTML
  [1m[35m (1.0ms)[0m  [1m[35mSET  @@SESSION.sql_mode = CONCAT(CONCAT(@@sql_mode, ',STRICT_ALL_TABLES'), ',NO_AUTO_VALUE_ON_ZERO'),  @@SESSION.sql_auto_is_null = 0, @@SESSION.wait_timeout = 2147483[0m
  Rendering posts/new.html.erb within layouts/application
  Rendered posts/_form.html.erb (48.2ms)
  Rendered posts/new.html.erb within layouts/application (79.1ms)
Completed 200 OK in 826ms (Views: 656.3ms | ActiveRecord: 25.3ms)


Started POST "/posts" for 172.19.0.1 at 2018-08-23 17:49:37 +0000
Processing by PostsController#create as HTML
  Parameters: {"utf8"=>"✓", "authenticity_token"=>"eLfw1T6kZe6NDZQZzso+zZEWXxyRJSfvKspP9dMZrO1q23Rr0SAeQ1cM1DJeU0tZcFsapwqJRzgds9yxRFFMFw==", "post"=>{"name"=>"Josh", "title"=>"Josh Test", "content"=>"Hello Josh"}, "commit"=>"Create Post"}
Filter chain halted as #<Proc:0x000055d407d23080@/usr/local/bundle/gems/actionpack-5.2.1/lib/action_controller/metal/http_authentication.rb:72> rendered or redirected
Completed 401 Unauthorized in 2ms (ActiveRecord: 0.0ms)


Started POST "/posts" for 172.19.0.1 at 2018-08-23 17:49:37 +0000
Processing by PostsController#create as HTML
  Parameters: {"utf8"=>"✓", "authenticity_token"=>"eLfw1T6kZe6NDZQZzso+zZEWXxyRJSfvKspP9dMZrO1q23Rr0SAeQ1cM1DJeU0tZcFsapwqJRzgds9yxRFFMFw==", "post"=>{"name"=>"Josh", "title"=>"Josh Test", "content"=>"Hello Josh"}, "commit"=>"Create Post"}
  [1m[35m (0.6ms)[0m  [1m[35mBEGIN[0m
  [1m[36mPost Create (0.9ms)[0m  [1m[32mINSERT INTO `posts` (`name`, `title`, `content`, `created_at`, `updated_at`) VALUES ('Josh', 'Josh Test', 'Hello Josh', '2018-08-23 17:49:38', '2018-08-23 17:49:38')[0m
  [1m[35m (28.7ms)[0m  [1m[35mCOMMIT[0m
Redirected to http://localhost:3000/posts/2
Completed 302 Found in 42ms (ActiveRecord: 30.2ms)


Started GET "/posts/2" for 172.19.0.1 at 2018-08-23 17:49:38 +0000
Processing by PostsController#show as HTML
  Parameters: {"id"=>"2"}
  [1m[36mPost Load (1.2ms)[0m  [1m[34mSELECT  `posts`.* FROM `posts` WHERE `posts`.`id` = 2 LIMIT 1[0m
  Rendering posts/show.html.erb within layouts/application
  [1m[36mPost Load (0.7ms)[0m  [1m[34mSELECT `posts`.* FROM `posts` WHERE `posts`.`name` = 'this_is_a_parameter'[0m
  [1m[36mComment Load (2.5ms)[0m  [1m[34mSELECT `comments`.* FROM `comments` WHERE `comments`.`post_id` = 2[0m
  Rendered collection of templates [0 times] (0.0ms)
  Rendered comments/_form.html.erb (85.6ms)
  Rendered posts/show.html.erb within layouts/application (165.5ms)
Completed 200 OK in 388ms (Views: 326.9ms | ActiveRecord: 26.4ms)


Started GET "/posts/2" for 172.19.0.1 at 2018-08-23 17:53:42 +0000
Processing by PostsController#show as HTML
  Parameters: {"id"=>"2"}
  [1m[35m (1.2ms)[0m  [1m[35mSET  @@SESSION.sql_mode = CONCAT(CONCAT(@@sql_mode, ',STRICT_ALL_TABLES'), ',NO_AUTO_VALUE_ON_ZERO'),  @@SESSION.sql_auto_is_null = 0, @@SESSION.wait_timeout = 2147483[0m
  [1m[36mPost Load (1.1ms)[0m  [1m[34mSELECT  `posts`.* FROM `posts` WHERE `posts`.`id` = 2 LIMIT 1[0m
  Rendering posts/show.html.erb within layouts/application
  [1m[36mPost Load (1.2ms)[0m  [1m[34mSELECT `posts`.* FROM `posts` WHERE `posts`.`name` = 'this_is_a_parameter'[0m
  [1m[36mComment Load (0.9ms)[0m  [1m[34mSELECT `comments`.* FROM `comments` WHERE `comments`.`post_id` = 2[0m
  Rendered collection of templates [0 times] (0.0ms)
  Rendered comments/_form.html.erb (65.7ms)
  Rendered posts/show.html.erb within layouts/application (151.7ms)
Completed 200 OK in 881ms (Views: 723.3ms | ActiveRecord: 42.1ms)


Started GET "/posts/2" for 172.19.0.1 at 2018-08-23 17:53:43 +0000
Processing by PostsController#show as HTML
  Parameters: {"id"=>"2"}
  [1m[36mPost Load (1.0ms)[0m  [1m[34mSELECT  `posts`.* FROM `posts` WHERE `posts`.`id` = 2 LIMIT 1[0m
  Rendering posts/show.html.erb within layouts/application
  [1m[36mPost Load (0.7ms)[0m  [1m[34mSELECT `posts`.* FROM `posts` WHERE `posts`.`name` = 'this_is_a_parameter'[0m
  [1m[36mComment Load (0.7ms)[0m  [1m[34mSELECT `comments`.* FROM `comments` WHERE `comments`.`post_id` = 2[0m
  Rendered collection of templates [0 times] (0.0ms)
  Rendered comments/_form.html.erb (2.7ms)
  Rendered posts/show.html.erb within layouts/application (27.1ms)
Completed 200 OK in 229ms (Views: 204.7ms | ActiveRecord: 2.4ms)


Started GET "/posts/2" for 172.19.0.1 at 2018-08-23 17:53:45 +0000
Processing by PostsController#show as HTML
  Parameters: {"id"=>"2"}
  [1m[36mPost Load (0.6ms)[0m  [1m[34mSELECT  `posts`.* FROM `posts` WHERE `posts`.`id` = 2 LIMIT 1[0m
  Rendering posts/show.html.erb within layouts/application
  [1m[36mPost Load (0.8ms)[0m  [1m[34mSELECT `posts`.* FROM `posts` WHERE `posts`.`name` = 'this_is_a_parameter'[0m
  [1m[36mComment Load (0.9ms)[0m  [1m[34mSELECT `comments`.* FROM `comments` WHERE `comments`.`post_id` = 2[0m
  Rendered collection of templates [0 times] (0.0ms)
  Rendered comments/_form.html.erb (2.1ms)
  Rendered posts/show.html.erb within layouts/application (31.3ms)
Completed 200 OK in 233ms (Views: 210.9ms | ActiveRecord: 2.3ms)


Started GET "/posts/2" for 172.19.0.1 at 2018-08-23 17:53:45 +0000
Processing by PostsController#show as HTML
  Parameters: {"id"=>"2"}
  [1m[35m (0.7ms)[0m  [1m[35mSET  @@SESSION.sql_mode = CONCAT(CONCAT(@@sql_mode, ',STRICT_ALL_TABLES'), ',NO_AUTO_VALUE_ON_ZERO'),  @@SESSION.sql_auto_is_null = 0, @@SESSION.wait_timeout = 2147483[0m
  [1m[36mPost Load (1.0ms)[0m  [1m[34mSELECT  `posts`.* FROM `posts` WHERE `posts`.`id` = 2 LIMIT 1[0m
  Rendering posts/show.html.erb within layouts/application
  [1m[36mPost Load (0.9ms)[0m  [1m[34mSELECT `posts`.* FROM `posts` WHERE `posts`.`name` = 'this_is_a_parameter'[0m
  [1m[36mComment Load (0.6ms)[0m  [1m[34mSELECT `comments`.* FROM `comments` WHERE `comments`.`post_id` = 2[0m
  Rendered collection of templates [0 times] (0.0ms)
  Rendered comments/_form.html.erb (77.6ms)
  Rendered posts/show.html.erb within layouts/application (176.1ms)
Completed 200 OK in 955ms (Views: 838.4ms | ActiveRecord: 39.5ms)


Started GET "/posts/2" for 172.19.0.1 at 2018-08-23 17:53:47 +0000
Processing by PostsController#show as HTML
  Parameters: {"id"=>"2"}
  [1m[36mPost Load (0.7ms)[0m  [1m[34mSELECT  `posts`.* FROM `posts` WHERE `posts`.`id` = 2 LIMIT 1[0m
  Rendering posts/show.html.erb within layouts/application
  [1m[36mPost Load (0.8ms)[0m  [1m[34mSELECT `posts`.* FROM `posts` WHERE `posts`.`name` = 'this_is_a_parameter'[0m
  [1m[36mComment Load (0.7ms)[0m  [1m[34mSELECT `comments`.* FROM `comments` WHERE `comments`.`post_id` = 2[0m
  Rendered collection of templates [0 times] (0.0ms)
  Rendered comments/_form.html.erb (2.0ms)
  Rendered posts/show.html.erb within layouts/application (22.2ms)
Started GET "/posts/2" for 172.19.0.1 at 2018-08-23 17:53:47 +0000
Processing by PostsController#show as HTML
  Parameters: {"id"=>"2"}
  [1m[36mPost Load (1.5ms)[0m  [1m[34mSELECT  `posts`.* FROM `posts` WHERE `posts`.`id` = 2 LIMIT 1[0m
Completed 200 OK in 273ms (Views: 251.0ms | ActiveRecord: 2.2ms)


  Rendering posts/show.html.erb within layouts/application
  [1m[36mPost Load (0.9ms)[0m  [1m[34mSELECT `posts`.* FROM `posts` WHERE `posts`.`name` = 'this_is_a_parameter'[0m
  [1m[36mComment Load (1.2ms)[0m  [1m[34mSELECT `comments`.* FROM `comments` WHERE `comments`.`post_id` = 2[0m
  Rendered collection of templates [0 times] (0.0ms)
  Rendered comments/_form.html.erb (3.1ms)
  Rendered posts/show.html.erb within layouts/application (26.2ms)
Started GET "/posts/2" for 172.19.0.1 at 2018-08-23 17:53:47 +0000
Processing by PostsController#show as HTML
  Parameters: {"id"=>"2"}
  [1m[36mPost Load (2.2ms)[0m  [1m[34mSELECT  `posts`.* FROM `posts` WHERE `posts`.`id` = 2 LIMIT 1[0m
Completed 200 OK in 298ms (Views: 264.7ms | ActiveRecord: 3.6ms)


  Rendering posts/show.html.erb within layouts/application
  [1m[36mPost Load (0.8ms)[0m  [1m[34mSELECT `posts`.* FROM `posts` WHERE `posts`.`name` = 'this_is_a_parameter'[0m
Started GET "/posts/2" for 172.19.0.1 at 2018-08-23 17:53:47 +0000
Processing by PostsController#show as HTML
  Parameters: {"id"=>"2"}
  [1m[36mPost Load (0.9ms)[0m  [1m[34mSELECT  `posts`.* FROM `posts` WHERE `posts`.`id` = 2 LIMIT 1[0m
  [1m[36mComment Load (3.6ms)[0m  [1m[34mSELECT `comments`.* FROM `comments` WHERE `comments`.`post_id` = 2[0m
  Rendered collection of templates [0 times] (0.0ms)
Started GET "/posts/2" for 172.19.0.1 at 2018-08-23 17:53:48 +0000
  Rendering posts/show.html.erb within layouts/application
  [1m[36mPost Load (1.2ms)[0m  [1m[34mSELECT `posts`.* FROM `posts` WHERE `posts`.`name` = 'this_is_a_parameter'[0m
  [1m[36mComment Load (1.0ms)[0m  [1m[34mSELECT `comments`.* FROM `comments` WHERE `comments`.`post_id` = 2[0m
  Rendered collection of templates [0 times] (0.0ms)
  Rendered comments/_form.html.erb (3.7ms)
  Rendered posts/show.html.erb within layouts/application (50.6ms)
Processing by PostsController#show as HTML
  Parameters: {"id"=>"2"}
  [1m[36mPost Load (1.6ms)[0m  [1m[34mSELECT  `posts`.* FROM `posts` WHERE `posts`.`id` = 2 LIMIT 1[0m
  Rendered comments/_form.html.erb (91.8ms)
  Rendered posts/show.html.erb within layouts/application (309.3ms)
Started GET "/posts/2" for 172.19.0.1 at 2018-08-23 17:53:48 +0000
  Rendering posts/show.html.erb within layouts/application
  [1m[36mPost Load (2.6ms)[0m  [1m[34mSELECT `posts`.* FROM `posts` WHERE `posts`.`name` = 'this_is_a_parameter'[0m
  [1m[36mComment Load (1.0ms)[0m  [1m[34mSELECT `comments`.* FROM `comments` WHERE `comments`.`post_id` = 2[0m
  Rendered collection of templates [0 times] (0.0ms)
Started GET "/posts/2" for 172.19.0.1 at 2018-08-23 17:53:48 +0000
Processing by PostsController#show as HTML
  Parameters: {"id"=>"2"}
  Rendered comments/_form.html.erb (18.8ms)
  Rendered posts/show.html.erb within layouts/application (190.8ms)
  [1m[35m (4.5ms)[0m  [1m[35mSET  @@SESSION.sql_mode = CONCAT(CONCAT(@@sql_mode, ',STRICT_ALL_TABLES'), ',NO_AUTO_VALUE_ON_ZERO'),  @@SESSION.sql_auto_is_null = 0, @@SESSION.wait_timeout = 2147483[0m
Processing by PostsController#show as HTML
  Parameters: {"id"=>"2"}
  [1m[36mPost Load (1.2ms)[0m  [1m[34mSELECT  `posts`.* FROM `posts` WHERE `posts`.`id` = 2 LIMIT 1[0m
Completed 200 OK in 691ms (Views: 665.4ms | ActiveRecord: 3.1ms)


Started GET "/posts/2" for 172.19.0.1 at 2018-08-23 17:53:48 +0000
  Rendering posts/show.html.erb within layouts/application
  [1m[36mPost Load (0.9ms)[0m  [1m[34mSELECT  `posts`.* FROM `posts` WHERE `posts`.`id` = 2 LIMIT 1[0m
  [1m[36mPost Load (9.1ms)[0m  [1m[34mSELECT `posts`.* FROM `posts` WHERE `posts`.`name` = 'this_is_a_parameter'[0m
  [1m[36mComment Load (1.3ms)[0m  [1m[34mSELECT `comments`.* FROM `comments` WHERE `comments`.`post_id` = 2[0m
  Rendered collection of templates [0 times] (0.0ms)
Processing by PostsController#show as HTML
  Parameters: {"id"=>"2"}
  Rendered comments/_form.html.erb (1.8ms)
  [1m[36mPost Load (1.4ms)[0m  [1m[34mSELECT  `posts`.* FROM `posts` WHERE `posts`.`id` = 2 LIMIT 1[0m
  Rendered posts/show.html.erb within layouts/application (88.6ms)
Completed 200 OK in 1159ms (Views: 1037.8ms | ActiveRecord: 39.3ms)


Started GET "/posts/2" for 172.19.0.1 at 2018-08-23 17:53:48 +0000
  Rendering posts/show.html.erb within layouts/application
  [1m[36mPost Load (1.4ms)[0m  [1m[34mSELECT `posts`.* FROM `posts` WHERE `posts`.`name` = 'this_is_a_parameter'[0m
  [1m[36mComment Load (1.5ms)[0m  [1m[34mSELECT `comments`.* FROM `comments` WHERE `comments`.`post_id` = 2[0m
  Rendered collection of templates [0 times] (0.0ms)
Processing by PostsController#show as HTML
  Parameters: {"id"=>"2"}
  [1m[36mPost Load (0.7ms)[0m  [1m[34mSELECT  `posts`.* FROM `posts` WHERE `posts`.`id` = 2 LIMIT 1[0m
Completed 200 OK in 887ms (Views: 845.2ms | ActiveRecord: 5.1ms)


  Rendered comments/_form.html.erb (26.2ms)
  Rendering posts/show.html.erb within layouts/application
  Rendered posts/show.html.erb within layouts/application (79.6ms)
Started GET "/posts/2" for 172.19.0.1 at 2018-08-23 17:53:49 +0000
  [1m[36mPost Load (4.2ms)[0m  [1m[34mSELECT `posts`.* FROM `posts` WHERE `posts`.`name` = 'this_is_a_parameter'[0m
  Rendering posts/show.html.erb within layouts/application
  [1m[36mPost Load (1.5ms)[0m  [1m[34mSELECT `posts`.* FROM `posts` WHERE `posts`.`name` = 'this_is_a_parameter'[0m
  [1m[36mComment Load (2.3ms)[0m  [1m[34mSELECT `comments`.* FROM `comments` WHERE `comments`.`post_id` = 2[0m
  Rendered collection of templates [0 times] (0.0ms)
  Rendered comments/_form.html.erb (3.2ms)
  Rendered posts/show.html.erb within layouts/application (47.2ms)
Processing by PostsController#show as HTML
  Parameters: {"id"=>"2"}
  [1m[36mPost Load (4.6ms)[0m  [1m[34mSELECT  `posts`.* FROM `posts` WHERE `posts`.`id` = 2 LIMIT 1[0m
Completed 200 OK in 703ms (Views: 585.0ms | ActiveRecord: 11.6ms)


  Rendering posts/show.html.erb within layouts/application
  [1m[36mPost Load (0.8ms)[0m  [1m[34mSELECT `posts`.* FROM `posts` WHERE `posts`.`name` = 'this_is_a_parameter'[0m
  [1m[36mComment Load (1.3ms)[0m  [1m[34mSELECT `comments`.* FROM `comments` WHERE `comments`.`post_id` = 2[0m
  Rendered collection of templates [0 times] (0.0ms)
  [1m[36mComment Load (0.9ms)[0m  [1m[34mSELECT `comments`.* FROM `comments` WHERE `comments`.`post_id` = 2[0m
  Rendered collection of templates [0 times] (0.0ms)
  Rendered comments/_form.html.erb (10.6ms)
Completed 200 OK in 624ms (Views: 549.6ms | ActiveRecord: 4.3ms)


  Rendered posts/show.html.erb within layouts/application (83.5ms)
Completed 200 OK in 472ms (Views: 409.4ms | ActiveRecord: 4.6ms)


  Rendered comments/_form.html.erb (135.0ms)
  Rendered posts/show.html.erb within layouts/application (501.2ms)
Completed 200 OK in 431ms (Views: 365.4ms | ActiveRecord: 6.7ms)


Completed 200 OK in 1568ms (Views: 1072.9ms | ActiveRecord: 102.2ms)


Started GET "/posts/2/edit" for 172.19.0.1 at 2018-08-23 17:53:51 +0000
Processing by PostsController#edit as HTML
  Parameters: {"id"=>"2"}
  [1m[36mPost Load (0.9ms)[0m  [1m[34mSELECT  `posts`.* FROM `posts` WHERE `posts`.`id` = 2 LIMIT 1[0m
  Rendering posts/edit.html.erb within layouts/application
  Rendered posts/_form.html.erb (4.8ms)
  Rendered posts/edit.html.erb within layouts/application (21.7ms)
Completed 200 OK in 250ms (Views: 227.2ms | ActiveRecord: 0.9ms)


Started GET "/posts" for 172.19.0.1 at 2018-08-23 17:53:52 +0000
Processing by PostsController#index as HTML
  Rendering posts/index.html.erb within layouts/application
  [1m[36mPost Load (0.7ms)[0m  [1m[34mSELECT `posts`.* FROM `posts`[0m
  Rendered posts/index.html.erb within layouts/application (4.2ms)
Completed 200 OK in 206ms (Views: 189.3ms | ActiveRecord: 0.7ms)


Started DELETE "/posts/1" for 172.19.0.1 at 2018-08-23 17:53:57 +0000
Processing by PostsController#destroy as HTML
  Parameters: {"authenticity_token"=>"s/wrzLBBVz6gQkw01diMAZs2AMv0DAEdQ20Be/q9fi2hkK9yX8Usk3pDDB9FQfmVentFcG+gYcp0FJI/bfWe1w==", "id"=>"1"}
  [1m[36mPost Load (1.2ms)[0m  [1m[34mSELECT  `posts`.* FROM `posts` WHERE `posts`.`id` = 1 LIMIT 1[0m
  [1m[35m (0.8ms)[0m  [1m[35mBEGIN[0m
  [1m[36mComment Load (0.9ms)[0m  [1m[34mSELECT `comments`.* FROM `comments` WHERE `comments`.`post_id` = 1[0m
  [1m[36mPost Destroy (0.9ms)[0m  [1m[31mDELETE FROM `posts` WHERE `posts`.`id` = 1[0m
  [1m[35m (68.8ms)[0m  [1m[35mCOMMIT[0m
Redirected to http://localhost:3000/posts
Completed 302 Found in 83ms (ActiveRecord: 72.6ms)


Started GET "/posts" for 172.19.0.1 at 2018-08-23 17:53:58 +0000
Processing by PostsController#index as HTML
  Rendering posts/index.html.erb within layouts/application
  [1m[36mPost Load (0.7ms)[0m  [1m[34mSELECT `posts`.* FROM `posts`[0m
  Rendered posts/index.html.erb within layouts/application (9.7ms)
Completed 200 OK in 230ms (Views: 216.9ms | ActiveRecord: 0.7ms)


Started GET "/posts/new" for 172.19.0.1 at 2018-08-23 17:53:59 +0000
Processing by PostsController#new as HTML
  Rendering posts/new.html.erb within layouts/application
  Rendered posts/_form.html.erb (5.4ms)
  Rendered posts/new.html.erb within layouts/application (27.4ms)
Completed 200 OK in 245ms (Views: 229.7ms | ActiveRecord: 0.0ms)


Started GET "/posts" for 172.19.0.1 at 2018-08-23 17:54:01 +0000
Processing by PostsController#index as HTML
  Rendering posts/index.html.erb within layouts/application
  [1m[36mPost Load (0.7ms)[0m  [1m[34mSELECT `posts`.* FROM `posts`[0m
  Rendered posts/index.html.erb within layouts/application (4.2ms)
Completed 200 OK in 221ms (Views: 201.8ms | ActiveRecord: 0.7ms)


DEPRECATION WARNING: `secrets.secret_token` is deprecated in favor of `secret_key_base` and will be removed in Rails 6.0. (called from <top (required)> at /app/config/environment.rb:5)
DEPRECATION WARNING: `secrets.secret_token` is deprecated in favor of `secret_key_base` and will be removed in Rails 6.0. (called from <top (required)> at /app/config/environment.rb:5)
DEPRECATION WARNING: `secrets.secret_token` is deprecated in favor of `secret_key_base` and will be removed in Rails 6.0. (called from <top (required)> at /app/config/environment.rb:5)
DEPRECATION WARNING: `secrets.secret_token` is deprecated in favor of `secret_key_base` and will be removed in Rails 6.0. (called from <top (required)> at /app/config/environment.rb:5)
DEPRECATION WARNING: `secrets.secret_token` is deprecated in favor of `secret_key_base` and will be removed in Rails 6.0. (called from <top (required)> at /app/config/environment.rb:5)
DEPRECATION WARNING: `secrets.secret_token` is deprecated in favor of `secret_key_base` and will be removed in Rails 6.0. (called from <top (required)> at /app/config/environment.rb:5)
Started GET "/posts/2" for 172.19.0.1 at 2018-08-23 17:55:58 +0000
Processing by PostsController#show as HTML
  Parameters: {"id"=>"2"}
Completed 500 Internal Server Error in 38ms


  
Mysql2::Error::ConnectionError (Unknown MySQL server host 'mysql' (-2)):
  
app/controllers/posts_controller.rb:19:in `show'
DEPRECATION WARNING: `secrets.secret_token` is deprecated in favor of `secret_key_base` and will be removed in Rails 6.0. (called from <top (required)> at /app/config/environment.rb:5)
DEPRECATION WARNING: `secrets.secret_token` is deprecated in favor of `secret_key_base` and will be removed in Rails 6.0. (called from <top (required)> at /app/config/environment.rb:5)
Started GET "/posts/2" for 172.19.0.1 at 2018-08-23 17:56:27 +0000
Processing by PostsController#show as HTML
  Parameters: {"id"=>"2"}
Completed 500 Internal Server Error in 27ms


  
Mysql2::Error::ConnectionError (Unknown MySQL server host 'mysql' (-2)):
  
app/controllers/posts_controller.rb:19:in `show'
Started GET "/posts/new" for 172.19.0.1 at 2018-08-23 17:56:31 +0000
Processing by PostsController#new as HTML
Completed 500 Internal Server Error in 29ms


  
Mysql2::Error::ConnectionError (Unknown MySQL server host 'mysql' (-2)):
  
app/controllers/posts_controller.rb:34:in `new'
DEPRECATION WARNING: `secrets.secret_token` is deprecated in favor of `secret_key_base` and will be removed in Rails 6.0. (called from <top (required)> at /app/config/environment.rb:5)
DEPRECATION WARNING: `secrets.secret_token` is deprecated in favor of `secret_key_base` and will be removed in Rails 6.0. (called from <top (required)> at /app/config/environment.rb:5)
Started GET "/posts" for 172.19.0.1 at 2018-08-23 17:57:10 +0000
Processing by PostsController#index as HTML
  Rendering posts/index.html.erb within layouts/application
  Rendered posts/index.html.erb within layouts/application (120.5ms)
Completed 500 Internal Server Error in 269ms


  
ActionView::Template::Error (Unknown MySQL server host 'mysql' (-2)):
    10:     <th></th>
    11:   </tr>
    12: 
    13: <% @posts.each do |post| %>
    14:   <tr>
    15:     <td><%= post.name %></td>
    16:     <td><%= post.title %></td>
  
app/views/posts/index.html.erb:13:in `_app_views_posts_index_html_erb__1468646822996102450_47139930446460'
DEPRECATION WARNING: `secrets.secret_token` is deprecated in favor of `secret_key_base` and will be removed in Rails 6.0. (called from <top (required)> at /app/config/environment.rb:5)
DEPRECATION WARNING: `secrets.secret_token` is deprecated in favor of `secret_key_base` and will be removed in Rails 6.0. (called from <top (required)> at /app/config/environment.rb:5)
DEPRECATION WARNING: `secrets.secret_token` is deprecated in favor of `secret_key_base` and will be removed in Rails 6.0. (called from <top (required)> at /app/config/environment.rb:5)
DEPRECATION WARNING: `secrets.secret_token` is deprecated in favor of `secret_key_base` and will be removed in Rails 6.0. (called from <top (required)> at /app/config/environment.rb:5)
DEPRECATION WARNING: `secrets.secret_token` is deprecated in favor of `secret_key_base` and will be removed in Rails 6.0. (called from <top (required)> at /app/config/environment.rb:5)
DEPRECATION WARNING: `secrets.secret_token` is deprecated in favor of `secret_key_base` and will be removed in Rails 6.0. (called from <top (required)> at /app/config/environment.rb:5)
  [1m[35m (0.8ms)[0m  [1m[35mSET  @@SESSION.sql_mode = CONCAT(CONCAT(@@sql_mode, ',STRICT_ALL_TABLES'), ',NO_AUTO_VALUE_ON_ZERO'),  @@SESSION.sql_auto_is_null = 0, @@SESSION.wait_timeout = 2147483[0m
  [1m[35m (1.5ms)[0m  [1m[35mCREATE DATABASE `myblog-dev` DEFAULT CHARACTER SET `utf8`[0m
  [1m[35m (1.3ms)[0m  [1m[35mSET  @@SESSION.sql_mode = CONCAT(CONCAT(@@sql_mode, ',STRICT_ALL_TABLES'), ',NO_AUTO_VALUE_ON_ZERO'),  @@SESSION.sql_auto_is_null = 0, @@SESSION.wait_timeout = 2147483[0m
  [1m[35m (1.1ms)[0m  [1m[35mCREATE DATABASE `myblog-test` DEFAULT CHARACTER SET `utf8`[0m
DEPRECATION WARNING: `secrets.secret_token` is deprecated in favor of `secret_key_base` and will be removed in Rails 6.0. (called from <top (required)> at /app/config/environment.rb:5)
  [1m[35m (0.5ms)[0m  [1m[35mSET  @@SESSION.sql_mode = CONCAT(CONCAT(@@sql_mode, ',STRICT_ALL_TABLES'), ',NO_AUTO_VALUE_ON_ZERO'),  @@SESSION.sql_auto_is_null = 0, @@SESSION.wait_timeout = 2147483[0m
  [1m[35m (0.2ms)[0m  [1m[34mSELECT GET_LOCK('1500970701170374245', 0)[0m
  [1m[35m (8.3ms)[0m  [1m[34mSELECT `schema_migrations`.`version` FROM `schema_migrations` ORDER BY `schema_migrations`.`version` ASC[0m
  [1m[36mActiveRecord::InternalMetadata Load (4.0ms)[0m  [1m[34mSELECT  `ar_internal_metadata`.* FROM `ar_internal_metadata` WHERE `ar_internal_metadata`.`key` = 'environment' LIMIT 1[0m
  [1m[35m (0.3ms)[0m  [1m[35mBEGIN[0m
  [1m[35m (0.3ms)[0m  [1m[35mCOMMIT[0m
  [1m[35m (0.3ms)[0m  [1m[34mSELECT RELEASE_LOCK('1500970701170374245')[0m
  [1m[35m (0.5ms)[0m  [1m[34mSELECT `schema_migrations`.`version` FROM `schema_migrations` ORDER BY `schema_migrations`.`version` ASC[0m
DEPRECATION WARNING: `secrets.secret_token` is deprecated in favor of `secret_key_base` and will be removed in Rails 6.0. (called from <top (required)> at /app/config/environment.rb:5)
DEPRECATION WARNING: `secrets.secret_token` is deprecated in favor of `secret_key_base` and will be removed in Rails 6.0. (called from <top (required)> at /app/config/environment.rb:5)
DEPRECATION WARNING: `secrets.secret_token` is deprecated in favor of `secret_key_base` and will be removed in Rails 6.0. (called from <top (required)> at /app/config/environment.rb:5)
DEPRECATION WARNING: `secrets.secret_token` is deprecated in favor of `secret_key_base` and will be removed in Rails 6.0. (called from <top (required)> at /app/config/environment.rb:5)
DEPRECATION WARNING: `secrets.secret_token` is deprecated in favor of `secret_key_base` and will be removed in Rails 6.0. (called from <top (required)> at /app/config/environment.rb:5)
Started GET "/" for 172.19.0.1 at 2018-08-23 18:16:37 +0000
Processing by HomeController#index as HTML
  [1m[35m (0.7ms)[0m  [1m[35mSET  @@SESSION.sql_mode = CONCAT(CONCAT(@@sql_mode, ',STRICT_ALL_TABLES'), ',NO_AUTO_VALUE_ON_ZERO'),  @@SESSION.sql_auto_is_null = 0, @@SESSION.wait_timeout = 2147483[0m
  [1m[35m (0.4ms)[0m  [1m[35mBEGIN[0m
  [1m[36mDelayed::Backend::ActiveRecord::Job Create (5.3ms)[0m  [1m[32mINSERT INTO `delayed_jobs` (`handler`, `run_at`, `created_at`, `updated_at`) VALUES ('--- !ruby/object:Delayed::PerformableMethod\nobject: !ruby/object:Item\n  store:\n  - a simple string\n  - an \'escaped \' string\n  - another \'escaped\' string\n  - 42\n  string: a string with many \\\\\'escapes\\\\\'\nmethod_name: :show_store\nargs: []\n', '2018-08-23 18:16:37', '2018-08-23 18:16:37', '2018-08-23 18:16:37')[0m
  [1m[35m (17.9ms)[0m  [1m[35mCOMMIT[0m
  Rendering home/index.html.erb within layouts/application
  Rendered home/index.html.erb within layouts/application (4.4ms)
Completed 200 OK in 655ms (Views: 566.6ms | ActiveRecord: 38.3ms)


Started GET "/posts" for 172.19.0.1 at 2018-08-23 18:16:40 +0000
Processing by PostsController#index as HTML
  Rendering posts/index.html.erb within layouts/application
  [1m[35m (0.6ms)[0m  [1m[35mSET  @@SESSION.sql_mode = CONCAT(CONCAT(@@sql_mode, ',STRICT_ALL_TABLES'), ',NO_AUTO_VALUE_ON_ZERO'),  @@SESSION.sql_auto_is_null = 0, @@SESSION.wait_timeout = 2147483[0m
  [1m[36mPost Load (2.6ms)[0m  [1m[34mSELECT `posts`.* FROM `posts`[0m
  Rendered posts/index.html.erb within layouts/application (41.1ms)
Completed 200 OK in 473ms (Views: 430.5ms | ActiveRecord: 19.6ms)


Started GET "/posts/new" for 172.19.0.1 at 2018-08-23 18:16:44 +0000
Processing by PostsController#new as HTML
  [1m[35m (0.7ms)[0m  [1m[35mSET  @@SESSION.sql_mode = CONCAT(CONCAT(@@sql_mode, ',STRICT_ALL_TABLES'), ',NO_AUTO_VALUE_ON_ZERO'),  @@SESSION.sql_auto_is_null = 0, @@SESSION.wait_timeout = 2147483[0m
  Rendering posts/new.html.erb within layouts/application
  Rendered posts/_form.html.erb (19.6ms)
  Rendered posts/new.html.erb within layouts/application (36.7ms)
Completed 200 OK in 530ms (Views: 464.2ms | ActiveRecord: 18.2ms)


Started POST "/posts" for 172.19.0.1 at 2018-08-23 18:16:53 +0000
Processing by PostsController#create as HTML
  Parameters: {"utf8"=>"✓", "authenticity_token"=>"2JLNimG0m2+UIG5fqteeFSj5gNBcfFFRzbOz0stRjObK/kk0jjDgwk4hLnQ6TuuBybTFa8fQMYb6yiCWXBlsHA==", "post"=>{"name"=>"Jay", "title"=>"Hello World", "content"=>"This is a test"}, "commit"=>"Create Post"}
  [1m[35m (0.3ms)[0m  [1m[35mBEGIN[0m
  [1m[36mPost Create (0.7ms)[0m  [1m[32mINSERT INTO `posts` (`name`, `title`, `content`, `created_at`, `updated_at`) VALUES ('Jay', 'Hello World', 'This is a test', '2018-08-23 18:16:53', '2018-08-23 18:16:53')[0m
  [1m[35m (85.9ms)[0m  [1m[35mCOMMIT[0m
Redirected to http://localhost:3000/posts/3
Completed 302 Found in 104ms (ActiveRecord: 86.9ms)


Started GET "/posts/3" for 172.19.0.1 at 2018-08-23 18:16:53 +0000
Processing by PostsController#show as HTML
  Parameters: {"id"=>"3"}
  [1m[36mPost Load (0.8ms)[0m  [1m[34mSELECT  `posts`.* FROM `posts` WHERE `posts`.`id` = 3 LIMIT 1[0m
  Rendering posts/show.html.erb within layouts/application
  [1m[36mPost Load (0.5ms)[0m  [1m[34mSELECT `posts`.* FROM `posts` WHERE `posts`.`name` = 'this_is_a_parameter'[0m
  [1m[36mComment Load (2.0ms)[0m  [1m[34mSELECT `comments`.* FROM `comments` WHERE `comments`.`post_id` = 3[0m
  Rendered collection of templates [0 times] (0.0ms)
  Rendered comments/_form.html.erb (42.7ms)
  Rendered posts/show.html.erb within layouts/application (85.5ms)
Completed 200 OK in 251ms (Views: 168.8ms | ActiveRecord: 25.3ms)


